{"level":"warn","message":"red"}
{"level":"info","message":"hello color"}
{"level":"http","message":"::ffff:127.0.0.1 - - [14/Jul/2023:15:51:02 +0000] \"POST /add HTTP/1.1\" 200 4"}
{"level":"http","message":"::ffff:127.0.0.1 - - [18/Jul/2023:14:18:02 +0000] \"GET /api HTTP/1.1\" 200 32"}
{"level":"http","message":"::ffff:127.0.0.1 - - [18/Jul/2023:14:18:02 +0000] \"GET /api HTTP/1.1\" 304 -"}
{"level":"http","message":"::ffff:127.0.0.1 - - [18/Jul/2023:14:18:11 +0000] \"GET /api HTTP/1.1\" 304 -"}
{"level":"http","message":"::ffff:127.0.0.1 - - [18/Jul/2023:14:18:11 +0000] \"GET /api HTTP/1.1\" 304 -"}
{"level":"http","message":"::ffff:127.0.0.1 - - [18/Jul/2023:14:18:31 +0000] \"GET /api HTTP/1.1\" 304 -"}
{"level":"http","message":"::ffff:127.0.0.1 - - [18/Jul/2023:14:18:31 +0000] \"GET /api HTTP/1.1\" 304 -"}
{"level":"http","message":"::ffff:127.0.0.1 - - [18/Jul/2023:14:50:08 +0000] \"GET /api HTTP/1.1\" 200 32"}
{"level":"http","message":"::ffff:127.0.0.1 - - [18/Jul/2023:14:50:08 +0000] \"GET /api HTTP/1.1\" 304 -"}
{"level":"http","message":"::ffff:127.0.0.1 - - [18/Jul/2023:14:50:13 +0000] \"GET /api HTTP/1.1\" 304 -"}
{"level":"http","message":"::ffff:127.0.0.1 - - [18/Jul/2023:14:50:13 +0000] \"GET /api HTTP/1.1\" 304 -"}
{"level":"http","message":"::ffff:127.0.0.1 - - [18/Jul/2023:14:50:19 +0000] \"GET /api HTTP/1.1\" 304 -"}
{"level":"http","message":"::ffff:127.0.0.1 - - [18/Jul/2023:14:50:19 +0000] \"GET /api HTTP/1.1\" 304 -"}
{"level":"http","message":"::ffff:127.0.0.1 - - [18/Jul/2023:15:28:20 +0000] \"GET / HTTP/1.1\" 200 951"}
{"level":"http","message":"::ffff:127.0.0.1 - - [20/Jul/2023:16:28:54 +0000] \"GET / HTTP/1.1\" 200 200"}
{"level":"http","message":"GET / 500 1372 - 2.121 ms"}
{"level":"http","message":"GET / 500 1376 - 1.755 ms"}
{"level":"http","message":"GET / 500 1409 - 2.607 ms"}
{"level":"http","message":"GET / 500 1409 - 2.296 ms"}
{"level":"http","message":"GET / 200 200 - 17.414 ms"}
{"level":"http","message":"GET /api/v1/login 404 151 - 1.576 ms"}
{"level":"http","message":"POST /api/v1/login 200 26 - 1.394 ms"}
{"level":"http","message":"POST /api/v1/login 200 26 - 1.699 ms"}
{"level":"http","message":"POST /api/v1/login 200 26 - 1.567 ms"}
{"level":"http","message":"POST /api/v1/login 200 26 - 1.546 ms"}
{"level":"http","message":"POST /api/v1/login 200 26 - 1.521 ms"}
{"level":"http","message":"POST /api/v1/login 500 1404 - 3.114 ms"}
{"level":"http","message":"POST /api/v1/login 200 33 - 1.630 ms"}
{"level":"http","message":"POST /api/v1/login 200 188 - 10.422 ms"}
{"level":"http","message":"POST /api/v1/resgister 404 156 - 1.247 ms"}
{"level":"http","message":"POST /api/v1/login 200 188 - 4.083 ms"}
{"level":"http","message":"POST /api/v1/login 200 190 - 3.242 ms"}
{"level":"http","message":"POST /api/v1/login 200 190 - 5.928 ms"}
{"level":"http","message":"POST /api/v1/login 200 190 - 3.084 ms"}
{"level":"http","message":"POST /api/v1/login 200 190 - 2.928 ms"}
{"level":"http","message":"POST /api/v1/login 200 188 - 2.902 ms"}
{"level":"http","message":"POST /api/v1/login 200 188 - 3.074 ms"}
{"level":"http","message":"GET /api/v1/login 200 11799 - 32.161 ms"}
{"level":"http","message":"POST /api/v1/register 200 2 - 11.287 ms"}
{"level":"http","message":"POST /api/v1/register 200 2 - 13.982 ms"}
{"level":"http","message":"POST /api/v1/register 200 - - 12.858 ms"}
{"level":"http","message":"POST /api/v1/register 500 255 - 12.537 ms"}
{"level":"http","message":"POST /api/v1/register 500 314 - 15.847 ms"}
{"level":"http","message":"POST /api/v1/register 200 2 - 18.836 ms"}
{"level":"http","message":"POST /api/v1/register 200 2 - 16.594 ms"}
{"level":"http","message":"POST /api/v1/register 200 185 - 16.449 ms"}
{"level":"http","message":"GET /api/v1/student/dashboard - - - - ms"}
{"level":"http","message":"POST /api/v1/register 500 255 - 104.335 ms"}
{"level":"http","message":"POST /api/v1/register 500 258 - 103.878 ms"}
{"level":"http","message":"POST /api/v1/register 200 185 - 103.817 ms"}
{"level":"http","message":"POST /api/v1/login 500 1359 - 1.630 ms"}
{"level":"http","message":"POST /api/v1/login 500 1376 - 2.060 ms"}
{"level":"http","message":"POST /api/v1/login 200 195 - 4.983 ms"}
{"level":"http","message":"POST /api/v1/login 200 195 - 2.684 ms"}
{"level":"http","message":"POST /api/v1/login 200 198 - 2.729 ms"}
{"level":"http","message":"POST /api/v1/login 200 198 - 2.818 ms"}
{"level":"http","message":"POST /api/v1/login 200 195 - 2.847 ms"}
{"level":"http","message":"POST /api/v1/login 200 195 - 2.890 ms"}
{"level":"http","message":"POST /api/v1/login 200 195 - 2.936 ms"}
{"level":"http","message":"POST /api/v1/login 200 195 - 3.512 ms"}
{"level":"http","message":"POST /api/v1/login 200 195 - 2.905 ms"}
{"level":"http","message":"POST /api/v1/login 400 24 - 108.742 ms"}
{"level":"http","message":"POST /api/v1/login 400 24 - 103.884 ms"}
{"level":"http","message":"POST /api/v1/login 400 24 - 111.038 ms"}
{"level":"http","message":"POST /api/v1/login 200 195 - 133.920 ms"}
{"level":"http","message":"POST /api/v1/login 200 195 - 148.534 ms"}
{"level":"http","message":"POST /api/v1/login 200 195 - 117.167 ms"}
{"level":"http","message":"POST /api/v1/login 200 195 - 108.299 ms"}
{"level":"http","message":"POST /api/v1/login 500 1197 - 152.556 ms"}
{"level":"http","message":"POST /api/v1/login 500 1197 - 107.540 ms"}
{"level":"http","message":"POST /api/v1/login 500 1197 - 104.254 ms"}
{"level":"http","message":"POST /api/v1/login 200 195 - 168.852 ms"}
{"level":"http","message":"POST /api/v1/register 200 188 - 98.876 ms"}
{"level":"http","message":"POST /api/v1/register 200 186 - 95.157 ms"}
{"level":"http","message":"POST /api/v1/register 500 255 - 94.646 ms"}
{"level":"http","message":"POST /api/v1/register 200 190 - 93.501 ms"}
{"level":"http","message":"POST /api/v1/register 500 259 - 93.092 ms"}
{"level":"http","message":"POST /api/v1/register 200 1212 - 94.435 ms"}
{"level":"http","message":"GET /api/v1/student/dashboard 401 - - 5.519 ms"}
{"level":"http","message":"GET /api/v1/student/dashboard 401 - - 1.116 ms"}
{"level":"http","message":"GET /api/v1/student/dashboard 401 - - 5.533 ms"}
{"level":"http","message":"GET /api/v1/student/dashboard 401 - - 4.541 ms"}
{"level":"http","message":"GET /api/v1/student/dashboard 401 - - 4.230 ms"}
{"level":"http","message":"GET /api/v1/student/dashboard 401 - - 4.444 ms"}
{"level":"http","message":"GET /api/v1/student/dashboard 401 - - 6.015 ms"}
{"level":"http","message":"GET /api/v1/student/dashboard 200 17 - 8.847 ms"}
{"level":"http","message":"GET /api/v1/student/dashboard 401 - - 1.244 ms"}
{"level":"http","message":"GET /api/v1/student/dashboard 401 - - 5.448 ms"}
{"level":"http","message":"GET /api/v1/student/dashboard 401 - - 4.624 ms"}
{"level":"http","message":"GET /api/v1/student/dashboard 401 - - 1.158 ms"}
{"level":"http","message":"GET /api/v1/student/dashboard 401 - - 3.726 ms"}
{"level":"http","message":"GET /api/v1/student/dashboard 401 - - 3.310 ms"}
{"level":"http","message":"GET /api/v1/student/dashboard 401 - - 1.309 ms"}
{"level":"http","message":"GET /api/v1/student/dashboard 401 - - 3.519 ms"}
{"level":"http","message":"GET /api/v1/student/dashboard 401 - - 2.992 ms"}
{"level":"http","message":"GET /api/v1/student/dashboard 401 - - 3.880 ms"}
{"level":"http","message":"POST /api/v1/register 200 1213 - 106.463 ms"}
{"level":"http","message":"GET /api/v1/student/dashboard 401 - - 4.313 ms"}
{"level":"http","message":"GET /api/v1/student/dashboard 401 - - 4.835 ms"}
{"level":"http","message":"GET /api/v1/student/dashboard 401 - - 1.526 ms"}
{"level":"http","message":"GET /api/v1/student/dashboard 401 - - 0.847 ms"}
{"level":"http","message":"GET /api/v1/student/dashboard 401 - - 3.650 ms"}
{"level":"http","message":"GET /api/v1/student/dashboard 401 - - 3.899 ms"}
{"level":"http","message":"GET /api/v1/student/dashboard 401 - - 4.772 ms"}
{"level":"http","message":"GET /api/v1/student/dashboard 500 1442 - 8.339 ms"}
{"level":"http","message":"GET /api/v1/student/dashboard 200 17 - 25.028 ms"}
